E:\ZJU\COURSE\CS\DB_DESIGN\MINISQL\MINISQL\MINISQL\DEBUG\INTERPRETER.OBJ
E:\ZJU\COURSE\CS\DB_DESIGN\MINISQL\MINISQL\MINISQL\DEBUG\PARSE_ERROR.OBJ
E:\ZJU\COURSE\CS\DB_DESIGN\MINISQL\MINISQL\MINISQL\DEBUG\TOKENIZER.OBJ
E:\ZJU\COURSE\CS\DB_DESIGN\MINISQL\MINISQL\MINISQL\DEBUG\API.OBJ
E:\ZJU\COURSE\CS\DB_DESIGN\MINISQL\MINISQL\MINISQL\DEBUG\BUFFERMANAGER.OBJ
E:\ZJU\COURSE\CS\DB_DESIGN\MINISQL\MINISQL\MINISQL\DEBUG\CATALOGMANAGER.OBJ
E:\ZJU\COURSE\CS\DB_DESIGN\MINISQL\MINISQL\MINISQL\DEBUG\FILEOPERATION.OBJ
E:\ZJU\COURSE\CS\DB_DESIGN\MINISQL\MINISQL\MINISQL\DEBUG\RECORDMANAGER.OBJ
E:\ZJU\COURSE\CS\DB_DESIGN\MINISQL\MINISQL\MINISQL\DEBUG\RECORDRELATIONMANAGER.OBJ
E:\ZJU\COURSE\CS\DB_DESIGN\MINISQL\MINISQL\MINISQL\DEBUG\VC110.PDB
E:\ZJU\COURSE\CS\DB_DESIGN\MINISQL\MINISQL\DEBUG\MINISQL.LIB
E:\ZJU\course\CS\DB_design\miniSQL\miniSQL\miniSQL\Debug\Api.obj
E:\ZJU\course\CS\DB_design\miniSQL\miniSQL\miniSQL\Debug\BufferManager.obj
E:\ZJU\course\CS\DB_design\miniSQL\miniSQL\miniSQL\Debug\CatalogManager.obj
E:\ZJU\course\CS\DB_design\miniSQL\miniSQL\miniSQL\Debug\fileOperation.obj
E:\ZJU\course\CS\DB_design\miniSQL\miniSQL\miniSQL\Debug\Interpreter.obj
E:\ZJU\course\CS\DB_design\miniSQL\miniSQL\miniSQL\Debug\parse_error.obj
E:\ZJU\course\CS\DB_design\miniSQL\miniSQL\miniSQL\Debug\RecordManager.obj
E:\ZJU\course\CS\DB_design\miniSQL\miniSQL\miniSQL\Debug\RecordRelationManager.obj
E:\ZJU\course\CS\DB_design\miniSQL\miniSQL\miniSQL\Debug\Tokenizer.obj
E:\ZJU\course\CS\DB_design\miniSQL\miniSQL\miniSQL\Debug\cl.command.1.tlog
E:\ZJU\course\CS\DB_design\miniSQL\miniSQL\miniSQL\Debug\CL.read.1.tlog
E:\ZJU\course\CS\DB_design\miniSQL\miniSQL\miniSQL\Debug\CL.write.1.tlog
E:\ZJU\course\CS\DB_design\miniSQL\miniSQL\miniSQL\Debug\Lib-link.read.1.tlog
E:\ZJU\course\CS\DB_design\miniSQL\miniSQL\miniSQL\Debug\Lib-link.write.1.tlog
E:\ZJU\course\CS\DB_design\miniSQL\miniSQL\miniSQL\Debug\lib.command.1.tlog
E:\ZJU\course\CS\DB_design\miniSQL\miniSQL\miniSQL\Debug\vc110.idb
E:\ZJU\course\CS\DB_design\miniSQL\miniSQL\miniSQL\Debug\vc110.pdb
E:\ZJU\course\CS\DB_design\miniSQL\miniSQL\Debug\miniSQL.lib
