Build started 11/4/2013 7:11:37 PM.
     1>Project "E:\ZJU\course\CS\DB_design\miniSQL\miniSQL\miniSQL\miniSQL.vcxproj" on node 2 (Rebuild target(s)).
     1>ClCompile:
         D:\Software\IDE\Microsoft Visual Studio 11.0\VC\bin\CL.exe /c /ZI /nologo /W3 /WX- /Od /Oy- /D WIN32 /D _DEBUG /D _WINDOWS /D _UNICODE /D UNICODE /Gm /EHsc /RTC1 /MDd /GS /fp:precise /Zc:wchar_t /Zc:forScope /Fo"Debug\\" /Fd"Debug\vc110.pdb" /Gd /TP /analyze- /errorReport:prompt BufferManager.cpp CatalogManager.cpp fileOperation.cpp RecordBufferManager.cpp RecordManager.cpp
         RecordManager.cpp
     1>e:\zju\course\cs\db_design\minisql\minisql\minisql\buffermanagerexn.hpp(18): warning C4996: 'strcpy': This function or variable may be unsafe. Consider using strcpy_s instead. To disable deprecation, use _CRT_SECURE_NO_WARNINGS. See online help for details.
                 d:\software\ide\microsoft visual studio 11.0\vc\include\string.h(110) : see declaration of 'strcpy'
     1>e:\zju\course\cs\db_design\minisql\minisql\minisql\buffermanagerexn.hpp(26): warning C4996: 'strcat': This function or variable may be unsafe. Consider using strcat_s instead. To disable deprecation, use _CRT_SECURE_NO_WARNINGS. See online help for details.
                 d:\software\ide\microsoft visual studio 11.0\vc\include\string.h(115) : see declaration of 'strcat'
         RecordBufferManager.cpp
     1>e:\zju\course\cs\db_design\minisql\minisql\minisql\buffermanagerexn.hpp(18): warning C4996: 'strcpy': This function or variable may be unsafe. Consider using strcpy_s instead. To disable deprecation, use _CRT_SECURE_NO_WARNINGS. See online help for details.
                 d:\software\ide\microsoft visual studio 11.0\vc\include\string.h(110) : see declaration of 'strcpy'
     1>e:\zju\course\cs\db_design\minisql\minisql\minisql\buffermanagerexn.hpp(26): warning C4996: 'strcat': This function or variable may be unsafe. Consider using strcat_s instead. To disable deprecation, use _CRT_SECURE_NO_WARNINGS. See online help for details.
                 d:\software\ide\microsoft visual studio 11.0\vc\include\string.h(115) : see declaration of 'strcat'
         fileOperation.cpp
         CatalogManager.cpp
     1>e:\zju\course\cs\db_design\minisql\minisql\minisql\buffermanagerexn.hpp(18): warning C4996: 'strcpy': This function or variable may be unsafe. Consider using strcpy_s instead. To disable deprecation, use _CRT_SECURE_NO_WARNINGS. See online help for details.
                 d:\software\ide\microsoft visual studio 11.0\vc\include\string.h(110) : see declaration of 'strcpy'
     1>e:\zju\course\cs\db_design\minisql\minisql\minisql\buffermanagerexn.hpp(26): warning C4996: 'strcat': This function or variable may be unsafe. Consider using strcat_s instead. To disable deprecation, use _CRT_SECURE_NO_WARNINGS. See online help for details.
                 d:\software\ide\microsoft visual studio 11.0\vc\include\string.h(115) : see declaration of 'strcat'
     1>e:\zju\course\cs\db_design\minisql\minisql\minisql\catalogmanager.cpp(93): warning C4800: 'uint8_t' : forcing value to bool 'true' or 'false' (performance warning)
         BufferManager.cpp
     1>e:\zju\course\cs\db_design\minisql\minisql\minisql\buffermanagerexn.hpp(18): warning C4996: 'strcpy': This function or variable may be unsafe. Consider using strcpy_s instead. To disable deprecation, use _CRT_SECURE_NO_WARNINGS. See online help for details.
                 d:\software\ide\microsoft visual studio 11.0\vc\include\string.h(110) : see declaration of 'strcpy'
     1>e:\zju\course\cs\db_design\minisql\minisql\minisql\buffermanagerexn.hpp(26): warning C4996: 'strcat': This function or variable may be unsafe. Consider using strcat_s instead. To disable deprecation, use _CRT_SECURE_NO_WARNINGS. See online help for details.
                 d:\software\ide\microsoft visual studio 11.0\vc\include\string.h(115) : see declaration of 'strcat'
         Generating Code...
       Lib:
         D:\Software\IDE\Microsoft Visual Studio 11.0\VC\bin\Lib.exe /OUT:"E:\ZJU\course\CS\DB_design\miniSQL\miniSQL\Debug\miniSQL.lib" /NOLOGO Debug\BufferManager.obj
         Debug\CatalogManager.obj
         Debug\fileOperation.obj
         Debug\RecordBufferManager.obj
         Debug\RecordManager.obj
         miniSQL.vcxproj -> E:\ZJU\course\CS\DB_design\miniSQL\miniSQL\Debug\miniSQL.lib
     1>Done Building Project "E:\ZJU\course\CS\DB_design\miniSQL\miniSQL\miniSQL\miniSQL.vcxproj" (Rebuild target(s)).

Build succeeded.

Time Elapsed 00:00:10.38
